[22:37:05.792] Global cache location '/home/tyler/.cache/typescript/4.6', safe file path '/usr/local/lib/node_modules/typescript/lib/typingSafeList.json', types map path /usr/local/lib/node_modules/typescript/lib/typesMap.json
[22:37:05.793] Processing cache location '/home/tyler/.cache/typescript/4.6'
[22:37:05.793] Trying to find '/home/tyler/.cache/typescript/4.6/package.json'...
[22:37:05.793] Finished processing cache location '/home/tyler/.cache/typescript/4.6'
[22:37:05.793] Process id: 81098
[22:37:05.793] NPM location: /home/tyler/.nvm/versions/node/v16.15.0/bin/npm (explicit '--npmLocation' not  provided)
[22:37:05.793] validateDefaultNpmLocation: false
[22:37:05.793] Npm config file: /home/tyler/.cache/typescript/4.6/package.json
[22:37:05.793] Npm config file: '/home/tyler/.cache/typescript/4.6/package.json' is missing, creating new one...
[22:37:05.794] Updating types-registry npm package...
[22:37:05.794] Exec: /home/tyler/.nvm/versions/node/v16.15.0/bin/npm install --ignore-scripts types-registry@latest
[22:37:07.250]     Succeeded. stdout:
    
    added 1 package, and audited 2 packages in 1s

found 0 vulnerabilities

[22:37:07.250] Updated types-registry npm package
[22:37:07.273] Got install request {"projectName":"/dev/null/inferredProject1*","fileNames":["/usr/local/lib/node_modules/typescript/lib/lib.es5.d.ts","/usr/local/lib/node_modules/typescript/lib/lib.es2015.d.ts","/usr/local/lib/node_modules/typescript/lib/lib.es2016.d.ts","/usr/local/lib/node_modules/typescript/lib/lib.dom.d.ts","/usr/local/lib/node_modules/typescript/lib/lib.dom.iterable.d.ts","/usr/local/lib/node_modules/typescript/lib/lib.webworker.importscripts.d.ts","/usr/local/lib/node_modules/typescript/lib/lib.scripthost.d.ts","/usr/local/lib/node_modules/typescript/lib/lib.es2015.core.d.ts","/usr/local/lib/node_modules/typescript/lib/lib.es2015.collection.d.ts","/usr/local/lib/node_modules/typescript/lib/lib.es2015.generator.d.ts","/usr/local/lib/node_modules/typescript/lib/lib.es2015.iterable.d.ts","/usr/local/lib/node_modules/typescript/lib/lib.es2015.promise.d.ts","/usr/local/lib/node_modules/typescript/lib/lib.es2015.proxy.d.ts","/usr/local/lib/node_modules/typescript/lib/lib.es2015.reflect.d.ts","/usr/local/lib/node_modules/typescript/lib/lib.es2015.symbol.d.ts","/usr/local/lib/node_modules/typescript/lib/lib.es2015.symbol.wellknown.d.ts","/usr/local/lib/node_modules/typescript/lib/lib.es2016.array.include.d.ts","/usr/local/lib/node_modules/typescript/lib/lib.es2016.full.d.ts","/home/tyler/Projects/dom-practice/01 - JavaScript Drum Kit/drums.js"],"compilerOptions":{"module":1,"target":3,"jsx":1,"allowJs":true,"allowSyntheticDefaultImports":true,"allowNonTsExtensions":true,"noEmitForJsFiles":true,"maxNodeModuleJsDepth":2},"typeAcquisition":{"enable":true,"include":[],"exclude":[]},"unresolvedImports":[],"projectRootPath":"/home/tyler/Projects/dom-practice/01 - JavaScript Drum Kit","kind":"discover"}
[22:37:07.291] Loaded safelist from types map file '/usr/local/lib/node_modules/typescript/lib/typesMap.json'
[22:37:07.291] Explicitly included types: []
[22:37:07.292] Inferred typings from unresolved imports: []
[22:37:07.292] Result: {"cachedTypingPaths":[],"newTypingNames":[],"filesToWatch":["/home/tyler/Projects/dom-practice/01 - JavaScript Drum Kit/bower_components","/home/tyler/Projects/dom-practice/01 - JavaScript Drum Kit/node_modules"]}
[22:37:07.292] Finished typings discovery: {"cachedTypingPaths":[],"newTypingNames":[],"filesToWatch":["/home/tyler/Projects/dom-practice/01 - JavaScript Drum Kit/bower_components","/home/tyler/Projects/dom-practice/01 - JavaScript Drum Kit/node_modules"]}
[22:37:07.292] DirectoryWatcher:: Added:: WatchInfo: /home/tyler/Projects/dom-practice/01 - JavaScript Drum Kit/bower_components
[22:37:07.293] DirectoryWatcher:: Added:: WatchInfo: /home/tyler/Projects/dom-practice/01 - JavaScript Drum Kit/bower_components 1 undefined Project: /dev/null/inferredProject1* watcher already invoked: false
[22:37:07.294] Elapsed:: 1.1117039993405342ms DirectoryWatcher:: Added:: WatchInfo: /home/tyler/Projects/dom-practice/01 - JavaScript Drum Kit/bower_components 1 undefined Project: /dev/null/inferredProject1* watcher already invoked: false
[22:37:07.294] DirectoryWatcher:: Added:: WatchInfo: /home/tyler/Projects/dom-practice/01 - JavaScript Drum Kit/node_modules
[22:37:07.294] DirectoryWatcher:: Added:: WatchInfo: /home/tyler/Projects/dom-practice/01 - JavaScript Drum Kit/node_modules 1 undefined Project: /dev/null/inferredProject1* watcher already invoked: false
[22:37:07.294] Elapsed:: 0.13179700076580048ms DirectoryWatcher:: Added:: WatchInfo: /home/tyler/Projects/dom-practice/01 - JavaScript Drum Kit/node_modules 1 undefined Project: /dev/null/inferredProject1* watcher already invoked: false
[22:37:07.294] Sending response:
    {"projectName":"/dev/null/inferredProject1*","typeAcquisition":{"enable":true,"include":[],"exclude":[]},"compilerOptions":{"module":1,"target":3,"jsx":1,"allowJs":true,"allowSyntheticDefaultImports":true,"allowNonTsExtensions":true,"noEmitForJsFiles":true,"maxNodeModuleJsDepth":2},"typings":[],"unresolvedImports":[],"kind":"action::set"}
[22:37:07.294] Response has been sent.
[22:37:07.294] No new typings were requested as a result of typings discovery
[22:42:41.290] Got install request {"projectName":"/dev/null/inferredProject1*","fileNames":["/usr/local/lib/node_modules/typescript/lib/lib.es5.d.ts","/usr/local/lib/node_modules/typescript/lib/lib.es2015.d.ts","/usr/local/lib/node_modules/typescript/lib/lib.es2016.d.ts","/usr/local/lib/node_modules/typescript/lib/lib.dom.d.ts","/usr/local/lib/node_modules/typescript/lib/lib.dom.iterable.d.ts","/usr/local/lib/node_modules/typescript/lib/lib.webworker.importscripts.d.ts","/usr/local/lib/node_modules/typescript/lib/lib.scripthost.d.ts","/usr/local/lib/node_modules/typescript/lib/lib.es2015.core.d.ts","/usr/local/lib/node_modules/typescript/lib/lib.es2015.collection.d.ts","/usr/local/lib/node_modules/typescript/lib/lib.es2015.generator.d.ts","/usr/local/lib/node_modules/typescript/lib/lib.es2015.iterable.d.ts","/usr/local/lib/node_modules/typescript/lib/lib.es2015.promise.d.ts","/usr/local/lib/node_modules/typescript/lib/lib.es2015.proxy.d.ts","/usr/local/lib/node_modules/typescript/lib/lib.es2015.reflect.d.ts","/usr/local/lib/node_modules/typescript/lib/lib.es2015.symbol.d.ts","/usr/local/lib/node_modules/typescript/lib/lib.es2015.symbol.wellknown.d.ts","/usr/local/lib/node_modules/typescript/lib/lib.es2016.array.include.d.ts","/usr/local/lib/node_modules/typescript/lib/lib.es2016.full.d.ts","/home/tyler/Projects/dom-practice/01 - JavaScript Drum Kit/redrums.js"],"compilerOptions":{"module":1,"target":3,"jsx":1,"allowJs":true,"allowSyntheticDefaultImports":true,"allowNonTsExtensions":true,"noEmitForJsFiles":true,"maxNodeModuleJsDepth":2},"typeAcquisition":{"enable":true,"include":[],"exclude":[]},"unresolvedImports":[],"projectRootPath":"/home/tyler/Projects/dom-practice/01 - JavaScript Drum Kit","kind":"discover"}
[22:42:41.290] Explicitly included types: []
[22:42:41.290] Inferred typings from unresolved imports: []
[22:42:41.290] Result: {"cachedTypingPaths":[],"newTypingNames":[],"filesToWatch":["/home/tyler/Projects/dom-practice/01 - JavaScript Drum Kit/bower_components","/home/tyler/Projects/dom-practice/01 - JavaScript Drum Kit/node_modules"]}
[22:42:41.290] Finished typings discovery: {"cachedTypingPaths":[],"newTypingNames":[],"filesToWatch":["/home/tyler/Projects/dom-practice/01 - JavaScript Drum Kit/bower_components","/home/tyler/Projects/dom-practice/01 - JavaScript Drum Kit/node_modules"]}
[22:42:41.291] Sending response:
    {"projectName":"/dev/null/inferredProject1*","typeAcquisition":{"enable":true,"include":[],"exclude":[]},"compilerOptions":{"module":1,"target":3,"jsx":1,"allowJs":true,"allowSyntheticDefaultImports":true,"allowNonTsExtensions":true,"noEmitForJsFiles":true,"maxNodeModuleJsDepth":2},"typings":[],"unresolvedImports":[],"kind":"action::set"}
[22:42:41.291] Response has been sent.
[22:42:41.291] No new typings were requested as a result of typings discovery
[22:42:41.306] Got install request {"projectName":"/dev/null/inferredProject1*","fileNames":["/usr/local/lib/node_modules/typescript/lib/lib.es5.d.ts","/usr/local/lib/node_modules/typescript/lib/lib.es2015.d.ts","/usr/local/lib/node_modules/typescript/lib/lib.es2016.d.ts","/usr/local/lib/node_modules/typescript/lib/lib.dom.d.ts","/usr/local/lib/node_modules/typescript/lib/lib.dom.iterable.d.ts","/usr/local/lib/node_modules/typescript/lib/lib.webworker.importscripts.d.ts","/usr/local/lib/node_modules/typescript/lib/lib.scripthost.d.ts","/usr/local/lib/node_modules/typescript/lib/lib.es2015.core.d.ts","/usr/local/lib/node_modules/typescript/lib/lib.es2015.collection.d.ts","/usr/local/lib/node_modules/typescript/lib/lib.es2015.generator.d.ts","/usr/local/lib/node_modules/typescript/lib/lib.es2015.iterable.d.ts","/usr/local/lib/node_modules/typescript/lib/lib.es2015.promise.d.ts","/usr/local/lib/node_modules/typescript/lib/lib.es2015.proxy.d.ts","/usr/local/lib/node_modules/typescript/lib/lib.es2015.reflect.d.ts","/usr/local/lib/node_modules/typescript/lib/lib.es2015.symbol.d.ts","/usr/local/lib/node_modules/typescript/lib/lib.es2015.symbol.wellknown.d.ts","/usr/local/lib/node_modules/typescript/lib/lib.es2016.array.include.d.ts","/usr/local/lib/node_modules/typescript/lib/lib.es2016.full.d.ts","/home/tyler/Projects/dom-practice/01 - JavaScript Drum Kit/redrums.js"],"compilerOptions":{"module":1,"target":3,"jsx":1,"allowJs":true,"allowSyntheticDefaultImports":true,"allowNonTsExtensions":true,"noEmitForJsFiles":true,"maxNodeModuleJsDepth":2},"typeAcquisition":{"enable":true,"include":[],"exclude":[]},"projectRootPath":"/home/tyler/Projects/dom-practice/01 - JavaScript Drum Kit","kind":"discover"}
[22:42:41.306] Explicitly included types: []
[22:42:41.306] Result: {"cachedTypingPaths":[],"newTypingNames":[],"filesToWatch":["/home/tyler/Projects/dom-practice/01 - JavaScript Drum Kit/bower_components","/home/tyler/Projects/dom-practice/01 - JavaScript Drum Kit/node_modules"]}
[22:42:41.306] Finished typings discovery: {"cachedTypingPaths":[],"newTypingNames":[],"filesToWatch":["/home/tyler/Projects/dom-practice/01 - JavaScript Drum Kit/bower_components","/home/tyler/Projects/dom-practice/01 - JavaScript Drum Kit/node_modules"]}
[22:42:41.306] Sending response:
    {"projectName":"/dev/null/inferredProject1*","typeAcquisition":{"enable":true,"include":[],"exclude":[]},"compilerOptions":{"module":1,"target":3,"jsx":1,"allowJs":true,"allowSyntheticDefaultImports":true,"allowNonTsExtensions":true,"noEmitForJsFiles":true,"maxNodeModuleJsDepth":2},"typings":[],"kind":"action::set"}
[22:42:41.306] Response has been sent.
[22:42:41.306] No new typings were requested as a result of typings discovery
